<?xml version="1.0" encoding="UTF-8"?>
<!-- Generated by org.testng.reporters.JUnitReportReporter -->
<testsuite hostname="DESKTOP-858RMVH" failures="0" tests="1" name="Academy.HomepageTest" time="8.269" errors="0" timestamp="16 Mar 2019 12:16:44 GMT">
  <testcase classname="Academy.HomepageTest" name="invokehome" time="8.269"/>
</testsuite> <!-- Academy.HomepageTest -->
