<?xml version="1.0" encoding="UTF-8"?>
<!-- Generated by org.testng.reporters.JUnitReportReporter -->
<testsuite hostname="DESKTOP-858RMVH" failures="0" tests="1" name="com.spiceJet.test.HomepageTest" time="3.158" errors="0" timestamp="19 Mar 2019 18:15:30 GMT">
  <testcase classname="com.spiceJet.test.HomepageTest" name="invokeHome" time="3.158"/>
</testsuite> <!-- com.spiceJet.test.HomepageTest -->
