<?xml version="1.0" encoding="UTF-8"?>
<!-- Generated by org.testng.reporters.JUnitReportReporter -->
<testsuite hostname="DESKTOP-858RMVH" failures="0" tests="1" name="Academy.validateTest" time="13.797" errors="0" timestamp="10 Mar 2019 04:01:51 GMT">
  <testcase classname="Academy.validateTest" name="invokehome" time="13.797"/>
</testsuite> <!-- Academy.validateTest -->
