<?xml version="1.0" encoding="UTF-8"?>
<!-- Generated by org.testng.reporters.JUnitReportReporter -->
<testsuite hostname="DESKTOP-858RMVH" failures="0" tests="1" name="Academy.validateNavigationTest" time="0.308" errors="0" timestamp="12 Mar 2019 14:47:16 GMT">
  <testcase classname="Academy.validateNavigationTest" name="invokehome" time="0.308"/>
</testsuite> <!-- Academy.validateNavigationTest -->
