<?xml version="1.0" encoding="UTF-8"?>
<!-- Generated by org.testng.reporters.JUnitReportReporter -->
<testsuite hostname="DESKTOP-858RMVH" failures="0" tests="1" name="com.spiceJet.test.HomepageTest" time="10.367" errors="0" timestamp="22 Mar 2019 16:46:44 GMT">
  <testcase classname="com.spiceJet.test.HomepageTest" name="invokeHome" time="10.367"/>
</testsuite> <!-- com.spiceJet.test.HomepageTest -->
